<?xml version="1.0" encoding="UTF-8"?>
<testsuite xmlns:xsi="http://www.w3.org/2001/XMLSchema-instance" xsi:noNamespaceSchemaLocation="https://maven.apache.org/surefire/maven-surefire-plugin/xsd/surefire-test-report-3.0.xsd" version="3.0" name="CalculatorIntegrationTest" time="4.073" tests="3" errors="0" skipped="0" failures="0">
  <properties>
    <property name="java.specification.version" value="17"/>
    <property name="sun.jnu.encoding" value="UTF-8"/>
    <property name="java.class.path" value="/Users/dindin/Desktop/Uni Work/3rd Year/Distributed Systems/target/test-classes:/Users/dindin/Desktop/Uni Work/3rd Year/Distributed Systems/target/classes:/Users/dindin/.m2/repository/org/junit/jupiter/junit-jupiter/5.9.2/junit-jupiter-5.9.2.jar:/Users/dindin/.m2/repository/org/junit/jupiter/junit-jupiter-api/5.9.2/junit-jupiter-api-5.9.2.jar:/Users/dindin/.m2/repository/org/opentest4j/opentest4j/1.2.0/opentest4j-1.2.0.jar:/Users/dindin/.m2/repository/org/junit/platform/junit-platform-commons/1.9.2/junit-platform-commons-1.9.2.jar:/Users/dindin/.m2/repository/org/apiguardian/apiguardian-api/1.1.2/apiguardian-api-1.1.2.jar:/Users/dindin/.m2/repository/org/junit/jupiter/junit-jupiter-params/5.9.2/junit-jupiter-params-5.9.2.jar:/Users/dindin/.m2/repository/org/junit/jupiter/junit-jupiter-engine/5.9.2/junit-jupiter-engine-5.9.2.jar:/Users/dindin/.m2/repository/org/junit/platform/junit-platform-engine/1.9.2/junit-platform-engine-1.9.2.jar:"/>
    <property name="java.vm.vendor" value="Eclipse Adoptium"/>
    <property name="sun.arch.data.model" value="64"/>
    <property name="java.vendor.url" value="https://adoptium.net/"/>
    <property name="os.name" value="Mac OS X"/>
    <property name="java.vm.specification.version" value="17"/>
    <property name="sun.java.launcher" value="SUN_STANDARD"/>
    <property name="user.country" value="AU"/>
    <property name="sun.boot.library.path" value="/Users/dindin/.sdkman/candidates/java/17.0.9-tem/lib"/>
    <property name="sun.java.command" value="/Users/dindin/Desktop/Uni Work/3rd Year/Distributed Systems/target/surefire/surefirebooter-20250814151205845_3.jar /Users/dindin/Desktop/Uni Work/3rd Year/Distributed Systems/target/surefire 2025-08-14T15-12-05_751-jvmRun1 surefire-20250814151205845_1tmp surefire_0-20250814151205845_2tmp"/>
    <property name="http.nonProxyHosts" value="local|*.local|169.254/16|*.169.254/16"/>
    <property name="jdk.debug" value="release"/>
    <property name="surefire.test.class.path" value="/Users/dindin/Desktop/Uni Work/3rd Year/Distributed Systems/target/test-classes:/Users/dindin/Desktop/Uni Work/3rd Year/Distributed Systems/target/classes:/Users/dindin/.m2/repository/org/junit/jupiter/junit-jupiter/5.9.2/junit-jupiter-5.9.2.jar:/Users/dindin/.m2/repository/org/junit/jupiter/junit-jupiter-api/5.9.2/junit-jupiter-api-5.9.2.jar:/Users/dindin/.m2/repository/org/opentest4j/opentest4j/1.2.0/opentest4j-1.2.0.jar:/Users/dindin/.m2/repository/org/junit/platform/junit-platform-commons/1.9.2/junit-platform-commons-1.9.2.jar:/Users/dindin/.m2/repository/org/apiguardian/apiguardian-api/1.1.2/apiguardian-api-1.1.2.jar:/Users/dindin/.m2/repository/org/junit/jupiter/junit-jupiter-params/5.9.2/junit-jupiter-params-5.9.2.jar:/Users/dindin/.m2/repository/org/junit/jupiter/junit-jupiter-engine/5.9.2/junit-jupiter-engine-5.9.2.jar:/Users/dindin/.m2/repository/org/junit/platform/junit-platform-engine/1.9.2/junit-platform-engine-1.9.2.jar:"/>
    <property name="sun.cpu.endian" value="little"/>
    <property name="user.home" value="/Users/dindin"/>
    <property name="user.language" value="en"/>
    <property name="java.specification.vendor" value="Oracle Corporation"/>
    <property name="java.version.date" value="2023-10-17"/>
    <property name="java.home" value="/Users/dindin/.sdkman/candidates/java/17.0.9-tem"/>
    <property name="file.separator" value="/"/>
    <property name="basedir" value="/Users/dindin/Desktop/Uni Work/3rd Year/Distributed Systems"/>
    <property name="java.vm.compressedOopsMode" value="Zero based"/>
    <property name="line.separator" value="&#10;"/>
    <property name="java.specification.name" value="Java Platform API Specification"/>
    <property name="java.vm.specification.vendor" value="Oracle Corporation"/>
    <property name="surefire.real.class.path" value="/Users/dindin/Desktop/Uni Work/3rd Year/Distributed Systems/target/surefire/surefirebooter-20250814151205845_3.jar"/>
    <property name="sun.management.compiler" value="HotSpot 64-Bit Tiered Compilers"/>
    <property name="ftp.nonProxyHosts" value="local|*.local|169.254/16|*.169.254/16"/>
    <property name="java.runtime.version" value="17.0.9+9"/>
    <property name="user.name" value="dindin"/>
    <property name="path.separator" value=":"/>
    <property name="os.version" value="15.5"/>
    <property name="java.runtime.name" value="OpenJDK Runtime Environment"/>
    <property name="file.encoding" value="UTF-8"/>
    <property name="java.vm.name" value="OpenJDK 64-Bit Server VM"/>
    <property name="java.vendor.version" value="Temurin-17.0.9+9"/>
    <property name="localRepository" value="/Users/dindin/.m2/repository"/>
    <property name="java.vendor.url.bug" value="https://github.com/adoptium/adoptium-support/issues"/>
    <property name="java.io.tmpdir" value="/var/folders/4x/gmkrc1sd0cb7n5lg7ym02r5r0000gn/T/"/>
    <property name="java.version" value="17.0.9"/>
    <property name="user.dir" value="/Users/dindin/Desktop/Uni Work/3rd Year/Distributed Systems"/>
    <property name="os.arch" value="aarch64"/>
    <property name="java.vm.specification.name" value="Java Virtual Machine Specification"/>
    <property name="native.encoding" value="UTF-8"/>
    <property name="java.library.path" value="/Users/dindin/Library/Java/Extensions:/Library/Java/Extensions:/Network/Library/Java/Extensions:/System/Library/Java/Extensions:/usr/lib/java:."/>
    <property name="java.vm.info" value="mixed mode"/>
    <property name="java.vendor" value="Eclipse Adoptium"/>
    <property name="java.vm.version" value="17.0.9+9"/>
    <property name="sun.io.unicode.encoding" value="UnicodeBig"/>
    <property name="socksNonProxyHosts" value="local|*.local|169.254/16|*.169.254/16"/>
    <property name="java.class.version" value="61.0"/>
  </properties>
  <testcase name="testSharedStack" classname="CalculatorIntegrationTest" time="0.041">
    <system-out><![CDATA[Integration test server started on port 1099
Server startup completed
Testing multiple clients sharing the same stack
Client 0 pushed the value 41
Client 0 pushed the value 70
Client 0 pushed the value 48
Client 0 pushed the value 83
Client 0 pushed the value 27
Client 1 pushed the value 7
Client 1 pushed the value 36
Client 1 pushed the value 92
Client 1 pushed the value 49
Client 1 pushed the value 43
Client 2 pushed the value 48
Client 2 pushed the value 14
Client 2 pushed the value 68
Client 2 pushed the value 47
Client 2 pushed the value 33
Multi client shared stack test completed successfully
]]></system-out>
  </testcase>
  <testcase name="testClientServerConnection" classname="CalculatorIntegrationTest" time="0.003">
    <system-out><![CDATA[Testing client server connection
Client server test completed successfully
]]></system-out>
  </testcase>
  <testcase name="testConcurrentDelayPop" classname="CalculatorIntegrationTest" time="2.018">
    <system-out><![CDATA[Testing concurrent delayPop operations
Client 1 delayPop returned: 200 after 1006ms
Client 2 delayPop returned 100 after 1506milliseconds
Total test time: 2012milliseconds
Concurrent delayPop test completed successfully
]]></system-out>
  </testcase>
</testsuite>